<?xml version="1.0" encoding="UTF-8" standalone="yes" ?>
<test-results name="E:\ProvaDelphiApp\Test\Win32\Debug\ProvaDelphiAppTest.exe" total="8" errors="0" failures="0" ignored="0" inconclusive="0" not-run="0" skipped="0" invalid="0" date="2022-06-17" time="2.765">
  <culture-info current-culture="en" current-uiculture="en" />
  <test-suite type="Assembly" name="ProvaDelphiAppTest.exe" executed="true" result="Success" success="True" time="2.765" asserts="0">
    <results>
        <test-suite type="Namespace" name="ProvaDelphiApp" executed="true" result="Success" success="True" time="5.497" asserts="0" >
          <results>
              <test-suite type="Namespace" name="Units" executed="true" result="Success" success="True" time="5.497" asserts="0" >
                <results>
                    <test-suite type="Fixture" name="TTarefa3ServiceTest" executed="True" result="Success" success="True" time="2.762" >
                      <results>
                        <test-case name="ObterTotalTest.TesteObterTotal" executed="True" result="Success" success="True" time="0.001" asserts="0" />
                        <test-case name="ObterTotalDivisoesTest.TesteTotalDivisoes" executed="True" result="Success" success="True" time="0.000" asserts="0" />
                      </results>
                    </test-suite>
                    <test-suite type="Fixture" name="TspQueryTest" executed="True" result="Success" success="True" time="2.735" >
                      <results>
                        <test-case name="MaximoTabelaTest" executed="True" result="Success" success="True" time="1.629" asserts="0" />
                        <test-case name="GeraSQLSemPropriedadesTest" executed="True" result="Success" success="True" time="1.047" asserts="0" />
                        <test-case name="GeraSQLTest.TesteSemColuna" executed="True" result="Success" success="True" time="0.001" asserts="0" />
                        <test-case name="GeraSQLTest.TesteSemColunaSemCondicao" executed="True" result="Success" success="True" time="0.001" asserts="0" />
                        <test-case name="GeraSQLTest.TesteComColunaSemCondicao" executed="True" result="Success" success="True" time="0.001" asserts="0" />
                        <test-case name="GeraSQLTest.TesteComColunaComCondicao" executed="True" result="Success" success="True" time="0.001" asserts="0" />
                      </results>
                    </test-suite>
                </results>
              </test-suite>
          </results>
        </test-suite>
    </results>
  </test-suite>
</test-results>
